
**** Clean-only build of configuration Debug for project lab3_problem3 ****

"C:\\ti\\ccsv6\\utils\\bin\\gmake" -k clean 
gmake: *** No rule to make target `clean'.

**** Build Finished ****

**** Clean-only build of configuration Debug for project lab3_problem3 ****

"C:\\ti\\ccsv6\\utils\\bin\\gmake" -k clean 
DEL /F  "lab3_problem3.out"  "lab3_problem3.hex" 
Could Not Find U:\4th Year (2017-2018)\Spring Quarter\EE 443\workspace\EE-443-Lab3\lab3_problem3\Debug\lab3_problem3.out
DEL /F "ISRs.pp" "LCDK_Support_DSP.pp" "StartUp.pp" "gmm.pp" "libmfcc.pp" "main.pp" 
DEL /F "ISRs.obj" "LCDK_Support_DSP.obj" "StartUp.obj" "gmm.obj" "libmfcc.obj" "main.obj" "vectors.obj" 
Could Not Find U:\4th Year (2017-2018)\Spring Quarter\EE 443\workspace\EE-443-Lab3\lab3_problem3\Debug\ISRs.obj
DEL /F "vectors.pp" 
Could Not Find U:\4th Year (2017-2018)\Spring Quarter\EE 443\workspace\EE-443-Lab3\lab3_problem3\Debug\vectors.pp
'Finished clean'
' '

**** Build Finished ****

**** Clean-only build of configuration Debug for project lab3_problem3 ****

"C:\\ti\\ccsv6\\utils\\bin\\gmake" -k clean 
DEL /F  "lab3_problem3.out"  "lab3_problem3.hex" 
Could Not Find U:\4th Year (2017-2018)\Spring Quarter\EE 443\workspace\EE-443-Lab3\lab3_problem3\Debug\lab3_problem3.out
DEL /F "ISRs.pp" "LCDK_Support_DSP.pp" "StartUp.pp" "gmm.pp" "libmfcc.pp" "main.pp" 
Could Not Find U:\4th Year (2017-2018)\Spring Quarter\EE 443\workspace\EE-443-Lab3\lab3_problem3\Debug\ISRs.pp
DEL /F "ISRs.obj" "LCDK_Support_DSP.obj" "StartUp.obj" "gmm.obj" "libmfcc.obj" "main.obj" "vectors.obj" 
Could Not Find U:\4th Year (2017-2018)\Spring Quarter\EE 443\workspace\EE-443-Lab3\lab3_problem3\Debug\ISRs.obj
DEL /F "vectors.pp" 
Could Not Find U:\4th Year (2017-2018)\Spring Quarter\EE 443\workspace\EE-443-Lab3\lab3_problem3\Debug\vectors.pp
'Finished clean'
' '

**** Build Finished ****

**** Clean-only build of configuration Debug for project lab3_problem5 ****

"C:\\ti\\ccsv6\\utils\\bin\\gmake" -k clean 
gmake: *** No rule to make target `clean'.

**** Build Finished ****

**** Clean-only build of configuration Debug for project lab3_problem5 ****

"C:\\ti\\ccsv6\\utils\\bin\\gmake" -k clean 
gmake: *** No rule to make target `clean'.

**** Build Finished ****

**** Clean-only build of configuration Debug for project lab3_problem3 ****

"C:\\ti\\ccsv6\\utils\\bin\\gmake" -k clean 
DEL /F  "lab3_problem3.out"  "lab3_problem3.hex" 
Could Not Find U:\4th Year (2017-2018)\Spring Quarter\EE 443\workspace\EE-443-Lab3\lab3_problem3\Debug\lab3_problem3.out
DEL /F "ISRs.pp" "LCDK_Support_DSP.pp" "StartUp.pp" "gmm.pp" "libmfcc.pp" "main.pp" 
Could Not Find U:\4th Year (2017-2018)\Spring Quarter\EE 443\workspace\EE-443-Lab3\lab3_problem3\Debug\ISRs.pp
DEL /F "ISRs.obj" "LCDK_Support_DSP.obj" "StartUp.obj" "gmm.obj" "libmfcc.obj" "main.obj" "vectors.obj" 
Could Not Find U:\4th Year (2017-2018)\Spring Quarter\EE 443\workspace\EE-443-Lab3\lab3_problem3\Debug\ISRs.obj
DEL /F "vectors.pp" 
Could Not Find U:\4th Year (2017-2018)\Spring Quarter\EE 443\workspace\EE-443-Lab3\lab3_problem3\Debug\vectors.pp
'Finished clean'
' '

**** Build Finished ****

**** Clean-only build of configuration Debug for project lab3_problem3 ****

"C:\\ti\\ccsv6\\utils\\bin\\gmake" -k clean 
DEL /F  "lab3_problem3.out"  "lab3_problem3.hex" 
Could Not Find U:\4th Year (2017-2018)\Spring Quarter\EE 443\workspace\EE-443-Lab3\lab3_problem3\Debug\lab3_problem3.out
DEL /F "ISRs.pp" "LCDK_Support_DSP.pp" "StartUp.pp" "gmm.pp" "libmfcc.pp" "main.pp" 
Could Not Find U:\4th Year (2017-2018)\Spring Quarter\EE 443\workspace\EE-443-Lab3\lab3_problem3\Debug\ISRs.pp
DEL /F "ISRs.obj" "LCDK_Support_DSP.obj" "StartUp.obj" "gmm.obj" "libmfcc.obj" "main.obj" "vectors.obj" 
Could Not Find U:\4th Year (2017-2018)\Spring Quarter\EE 443\workspace\EE-443-Lab3\lab3_problem3\Debug\ISRs.obj
DEL /F "vectors.pp" 
Could Not Find U:\4th Year (2017-2018)\Spring Quarter\EE 443\workspace\EE-443-Lab3\lab3_problem3\Debug\vectors.pp
'Finished clean'
' '

**** Build Finished ****

**** Clean-only build of configuration Debug for project lab3_problem5 ****

"C:\\ti\\ccsv6\\utils\\bin\\gmake" -k clean 
gmake: *** No rule to make target `clean'.

**** Build Finished ****

**** Clean-only build of configuration Debug for project lab3_problem5 ****

"C:\\ti\\ccsv6\\utils\\bin\\gmake" -k clean 
gmake: *** No rule to make target `clean'.

**** Build Finished ****

**** Clean-only build of configuration Debug for project lab3_problem3 ****

"C:\\ti\\ccsv6\\utils\\bin\\gmake" -k clean 
DEL /F  "lab3_problem3.out"  "lab3_problem3.hex" 
Could Not Find U:\4th Year (2017-2018)\Spring Quarter\EE 443\workspace\EE-443-Lab3\lab3_problem3\Debug\lab3_problem3.out
DEL /F "ISRs.pp" "LCDK_Support_DSP.pp" "StartUp.pp" "gmm.pp" "libmfcc.pp" "main.pp" 
Could Not Find U:\4th Year (2017-2018)\Spring Quarter\EE 443\workspace\EE-443-Lab3\lab3_problem3\Debug\ISRs.pp
DEL /F "ISRs.obj" "LCDK_Support_DSP.obj" "StartUp.obj" "gmm.obj" "libmfcc.obj" "main.obj" "vectors.obj" 
Could Not Find U:\4th Year (2017-2018)\Spring Quarter\EE 443\workspace\EE-443-Lab3\lab3_problem3\Debug\ISRs.obj
DEL /F "vectors.pp" 
Could Not Find U:\4th Year (2017-2018)\Spring Quarter\EE 443\workspace\EE-443-Lab3\lab3_problem3\Debug\vectors.pp
'Finished clean'
' '

**** Build Finished ****

**** Build of configuration Debug for project lab3_problem3 ****

"C:\\ti\\ccsv6\\utils\\bin\\gmake" -k all 
'Building file: ../ISRs.c'
'Invoking: C6000 Compiler'
"C:/ti/ccsv6/tools/compiler/c6000_7.4.14/bin/cl6x" -mv6740 --abi=coffabi -g --include_path="C:/ti/ccsv6/tools/compiler/c6000_7.4.14/include" --display_error_number --diag_warning=225 --diag_wrap=off --preproc_with_compile --preproc_dependency="ISRs.pp"  "../ISRs.c"
'Finished building: ../ISRs.c'
' '
'Building file: ../LCDK_Support_DSP.c'
'Invoking: C6000 Compiler'
"C:/ti/ccsv6/tools/compiler/c6000_7.4.14/bin/cl6x" -mv6740 --abi=coffabi -g --include_path="C:/ti/ccsv6/tools/compiler/c6000_7.4.14/include" --display_error_number --diag_warning=225 --diag_wrap=off --preproc_with_compile --preproc_dependency="LCDK_Support_DSP.pp"  "../LCDK_Support_DSP.c"
'Finished building: ../LCDK_Support_DSP.c'
' '
'Building file: ../StartUp.c'
'Invoking: C6000 Compiler'
"C:/ti/ccsv6/tools/compiler/c6000_7.4.14/bin/cl6x" -mv6740 --abi=coffabi -g --include_path="C:/ti/ccsv6/tools/compiler/c6000_7.4.14/include" --display_error_number --diag_warning=225 --diag_wrap=off --preproc_with_compile --preproc_dependency="StartUp.pp"  "../StartUp.c"
'Finished building: ../StartUp.c'
' '
'Building file: ../gmm.c'
'Invoking: C6000 Compiler'
"C:/ti/ccsv6/tools/compiler/c6000_7.4.14/bin/cl6x" -mv6740 --abi=coffabi -g --include_path="C:/ti/ccsv6/tools/compiler/c6000_7.4.14/include" --display_error_number --diag_warning=225 --diag_wrap=off --preproc_with_compile --preproc_dependency="gmm.pp"  "../gmm.c"
'Finished building: ../gmm.c'
' '
'Building file: ../libmfcc.c'
'Invoking: C6000 Compiler'
"C:/ti/ccsv6/tools/compiler/c6000_7.4.14/bin/cl6x" -mv6740 --abi=coffabi -g --include_path="C:/ti/ccsv6/tools/compiler/c6000_7.4.14/include" --display_error_number --diag_warning=225 --diag_wrap=off --preproc_with_compile --preproc_dependency="libmfcc.pp"  "../libmfcc.c"
'Finished building: ../libmfcc.c'
' '
'Building file: ../main.c'
'Invoking: C6000 Compiler'
"C:/ti/ccsv6/tools/compiler/c6000_7.4.14/bin/cl6x" -mv6740 --abi=coffabi -g --include_path="C:/ti/ccsv6/tools/compiler/c6000_7.4.14/include" --display_error_number --diag_warning=225 --diag_wrap=off --preproc_with_compile --preproc_dependency="main.pp"  "../main.c"
'Finished building: ../main.c'
' '
'Building file: ../vectors.asm'
'Invoking: C6000 Compiler'
"C:/ti/ccsv6/tools/compiler/c6000_7.4.14/bin/cl6x" -mv6740 --abi=coffabi -g --include_path="C:/ti/ccsv6/tools/compiler/c6000_7.4.14/include" --display_error_number --diag_warning=225 --diag_wrap=off --preproc_with_compile --preproc_dependency="vectors.pp"  "../vectors.asm"
'Finished building: ../vectors.asm'
' '
'Building target: lab3_problem3.out'
'Invoking: C6000 Linker'
"C:/ti/ccsv6/tools/compiler/c6000_7.4.14/bin/cl6x" -mv6740 --abi=coffabi -g --display_error_number --diag_warning=225 --diag_wrap=off -z -m"lab3_problem3.map" -i"C:/ti/ccsv6/tools/compiler/c6000_7.4.14/lib" -i"C:/ti/ccsv6/tools/compiler/c6000_7.4.14/include" --reread_libs --warn_sections --display_error_number --diag_wrap=off --xml_link_info="lab3_problem3_linkInfo.xml" --rom_model -o "lab3_problem3.out" "./ISRs.obj" "./LCDK_Support_DSP.obj" "./StartUp.obj" "./gmm.obj" "./libmfcc.obj" "./main.obj" "./vectors.obj" "../link6748.cmd"  -l"libc.a" 
<Linking>
'Finished building target: lab3_problem3.out'
' '

**** Build Finished ****

**** Build of configuration Debug for project lab3_problem5 ****

"C:\\ti\\ccsv6\\utils\\bin\\gmake" -k all 
'Building file: ../main.c'
'Invoking: C6000 Compiler'
"C:/ti/ccsv6/tools/compiler/c6000_7.4.14/bin/cl6x" -mv6740 --abi=coffabi -g --include_path="C:/ti/ccsv6/tools/compiler/c6000_7.4.14/include" --display_error_number --diag_warning=225 --diag_wrap=off --preproc_with_compile --preproc_dependency="main.pp"  "../main.c"
"../main.c", line 278: error #28: expression must have a constant value
1 error detected in the compilation of "../main.c".

>> Compilation failure
gmake: *** [main.obj] Error 1
gmake: Target `all' not remade because of errors.

**** Build Finished ****

**** Build of configuration Debug for project lab3_problem5 ****

"C:\\ti\\ccsv6\\utils\\bin\\gmake" -k all 
'Building file: ../main.c'
'Invoking: C6000 Compiler'
"C:/ti/ccsv6/tools/compiler/c6000_7.4.14/bin/cl6x" -mv6740 --abi=coffabi -g --include_path="C:/ti/ccsv6/tools/compiler/c6000_7.4.14/include" --display_error_number --diag_warning=225 --diag_wrap=off --preproc_with_compile --preproc_dependency="main.pp"  "../main.c"
"../main.c", line 278: warning #522-D: initialization with "{...}" expected for aggregate object
"../main.c", line 278: error #60: function call is not allowed in a constant expression
"../main.c", line 278: error #28: expression must have a constant value
"../main.c", line 278: warning #179-D: variable "probs" was declared but never referenced
2 errors detected in the compilation of "../main.c".

>> Compilation failure
gmake: *** [main.obj] Error 1
gmake: Target `all' not remade because of errors.

**** Build Finished ****

**** Build of configuration Debug for project lab3_problem5 ****

"C:\\ti\\ccsv6\\utils\\bin\\gmake" -k all 
'Building file: ../main.c'
'Invoking: C6000 Compiler'
"C:/ti/ccsv6/tools/compiler/c6000_7.4.14/bin/cl6x" -mv6740 --abi=coffabi -g --include_path="C:/ti/ccsv6/tools/compiler/c6000_7.4.14/include" --display_error_number --diag_warning=225 --diag_wrap=off --preproc_with_compile --preproc_dependency="main.pp"  "../main.c"
'Finished building: ../main.c'
' '
'Building target: lab3_problem5.out'
'Invoking: C6000 Linker'
"C:/ti/ccsv6/tools/compiler/c6000_7.4.14/bin/cl6x" -mv6740 --abi=coffabi -g --display_error_number --diag_warning=225 --diag_wrap=off -z -m"lab3_problem5.map" -i"C:/ti/ccsv6/tools/compiler/c6000_7.4.14/lib" -i"C:/ti/ccsv6/tools/compiler/c6000_7.4.14/include" --reread_libs --warn_sections --display_error_number --diag_wrap=off --xml_link_info="lab3_problem5_linkInfo.xml" --rom_model -o "lab3_problem5.out" "./ISRs.obj" "./LCDK_Support_DSP.obj" "./StartUp.obj" "./assem.obj" "./autocorr.obj" "./flip.obj" "./libmfcc.obj" "./main.obj" "./svm.obj" "./vectors.obj" "../link6748.cmd"  -l"libc.a" 
<Linking>
'Finished building target: lab3_problem5.out'
' '

**** Build Finished ****

**** Build of configuration Debug for project lab3_problem5 ****

"C:\\ti\\ccsv6\\utils\\bin\\gmake" -k all 
'Building file: ../main.c'
'Invoking: C6000 Compiler'
"C:/ti/ccsv6/tools/compiler/c6000_7.4.14/bin/cl6x" -mv6740 --abi=coffabi -g --include_path="C:/ti/ccsv6/tools/compiler/c6000_7.4.14/include" --display_error_number --diag_warning=225 --diag_wrap=off --preproc_with_compile --preproc_dependency="main.pp"  "../main.c"
'Finished building: ../main.c'
' '
'Building target: lab3_problem5.out'
'Invoking: C6000 Linker'
"C:/ti/ccsv6/tools/compiler/c6000_7.4.14/bin/cl6x" -mv6740 --abi=coffabi -g --display_error_number --diag_warning=225 --diag_wrap=off -z -m"lab3_problem5.map" -i"C:/ti/ccsv6/tools/compiler/c6000_7.4.14/lib" -i"C:/ti/ccsv6/tools/compiler/c6000_7.4.14/include" --reread_libs --warn_sections --display_error_number --diag_wrap=off --xml_link_info="lab3_problem5_linkInfo.xml" --rom_model -o "lab3_problem5.out" "./ISRs.obj" "./LCDK_Support_DSP.obj" "./StartUp.obj" "./assem.obj" "./autocorr.obj" "./flip.obj" "./libmfcc.obj" "./main.obj" "./svm.obj" "./vectors.obj" "../link6748.cmd"  -l"libc.a" 
<Linking>
'Finished building target: lab3_problem5.out'
' '

**** Build Finished ****

**** Build of configuration Debug for project lab3_problem5 ****

"C:\\ti\\ccsv6\\utils\\bin\\gmake" -k all 
'Building file: ../main.c'
'Invoking: C6000 Compiler'
"C:/ti/ccsv6/tools/compiler/c6000_7.4.14/bin/cl6x" -mv6740 --abi=coffabi -g --include_path="C:/ti/ccsv6/tools/compiler/c6000_7.4.14/include" --display_error_number --diag_warning=225 --diag_wrap=off --preproc_with_compile --preproc_dependency="main.pp"  "../main.c"
"../main.c", line 281: error #169: argument of type "double" is incompatible with parameter of type "double *"
"../main.c", line 281: warning #551-D: variable "prob_estimates" is used before its value is set
1 error detected in the compilation of "../main.c".

>> Compilation failure
gmake: *** [main.obj] Error 1
gmake: Target `all' not remade because of errors.

**** Build Finished ****

**** Build of configuration Debug for project lab3_problem5 ****

"C:\\ti\\ccsv6\\utils\\bin\\gmake" -k all 
'Building file: ../main.c'
'Invoking: C6000 Compiler'
"C:/ti/ccsv6/tools/compiler/c6000_7.4.14/bin/cl6x" -mv6740 --abi=coffabi -g --include_path="C:/ti/ccsv6/tools/compiler/c6000_7.4.14/include" --display_error_number --diag_warning=225 --diag_wrap=off --preproc_with_compile --preproc_dependency="main.pp"  "../main.c"
'Finished building: ../main.c'
' '
'Building target: lab3_problem5.out'
'Invoking: C6000 Linker'
"C:/ti/ccsv6/tools/compiler/c6000_7.4.14/bin/cl6x" -mv6740 --abi=coffabi -g --display_error_number --diag_warning=225 --diag_wrap=off -z -m"lab3_problem5.map" -i"C:/ti/ccsv6/tools/compiler/c6000_7.4.14/lib" -i"C:/ti/ccsv6/tools/compiler/c6000_7.4.14/include" --reread_libs --warn_sections --display_error_number --diag_wrap=off --xml_link_info="lab3_problem5_linkInfo.xml" --rom_model -o "lab3_problem5.out" "./ISRs.obj" "./LCDK_Support_DSP.obj" "./StartUp.obj" "./assem.obj" "./autocorr.obj" "./flip.obj" "./libmfcc.obj" "./main.obj" "./svm.obj" "./vectors.obj" "../link6748.cmd"  -l"libc.a" 
<Linking>
'Finished building target: lab3_problem5.out'
' '

**** Build Finished ****

**** Build of configuration Debug for project lab3_problem5 ****

"C:\\ti\\ccsv6\\utils\\bin\\gmake" -k all 
'Building file: ../main.c'
'Invoking: C6000 Compiler'
"C:/ti/ccsv6/tools/compiler/c6000_7.4.14/bin/cl6x" -mv6740 --abi=coffabi -g --include_path="C:/ti/ccsv6/tools/compiler/c6000_7.4.14/include" --display_error_number --diag_warning=225 --diag_wrap=off --preproc_with_compile --preproc_dependency="main.pp"  "../main.c"
'Finished building: ../main.c'
' '
'Building target: lab3_problem5.out'
'Invoking: C6000 Linker'
"C:/ti/ccsv6/tools/compiler/c6000_7.4.14/bin/cl6x" -mv6740 --abi=coffabi -g --display_error_number --diag_warning=225 --diag_wrap=off -z -m"lab3_problem5.map" -i"C:/ti/ccsv6/tools/compiler/c6000_7.4.14/lib" -i"C:/ti/ccsv6/tools/compiler/c6000_7.4.14/include" --reread_libs --warn_sections --display_error_number --diag_wrap=off --xml_link_info="lab3_problem5_linkInfo.xml" --rom_model -o "lab3_problem5.out" "./ISRs.obj" "./LCDK_Support_DSP.obj" "./StartUp.obj" "./assem.obj" "./autocorr.obj" "./flip.obj" "./libmfcc.obj" "./main.obj" "./svm.obj" "./vectors.obj" "../link6748.cmd"  -l"libc.a" 
<Linking>
'Finished building target: lab3_problem5.out'
' '

**** Build Finished ****

**** Build of configuration Debug for project lab3_problem5 ****

"C:\\ti\\ccsv6\\utils\\bin\\gmake" -k all 
'Building file: ../main.c'
'Invoking: C6000 Compiler'
"C:/ti/ccsv6/tools/compiler/c6000_7.4.14/bin/cl6x" -mv6740 --abi=coffabi -g --include_path="C:/ti/ccsv6/tools/compiler/c6000_7.4.14/include" --display_error_number --diag_warning=225 --diag_wrap=off --preproc_with_compile --preproc_dependency="main.pp"  "../main.c"
'Finished building: ../main.c'
' '
'Building target: lab3_problem5.out'
'Invoking: C6000 Linker'
"C:/ti/ccsv6/tools/compiler/c6000_7.4.14/bin/cl6x" -mv6740 --abi=coffabi -g --display_error_number --diag_warning=225 --diag_wrap=off -z -m"lab3_problem5.map" -i"C:/ti/ccsv6/tools/compiler/c6000_7.4.14/lib" -i"C:/ti/ccsv6/tools/compiler/c6000_7.4.14/include" --reread_libs --warn_sections --display_error_number --diag_wrap=off --xml_link_info="lab3_problem5_linkInfo.xml" --rom_model -o "lab3_problem5.out" "./ISRs.obj" "./LCDK_Support_DSP.obj" "./StartUp.obj" "./assem.obj" "./autocorr.obj" "./flip.obj" "./libmfcc.obj" "./main.obj" "./svm.obj" "./vectors.obj" "../link6748.cmd"  -l"libc.a" 
<Linking>
'Finished building target: lab3_problem5.out'
' '

**** Build Finished ****

**** Build of configuration Debug for project lab3_problem5 ****

"C:\\ti\\ccsv6\\utils\\bin\\gmake" -k all 
'Building file: ../main.c'
'Invoking: C6000 Compiler'
"C:/ti/ccsv6/tools/compiler/c6000_7.4.14/bin/cl6x" -mv6740 --abi=coffabi -g --include_path="C:/ti/ccsv6/tools/compiler/c6000_7.4.14/include" --display_error_number --diag_warning=225 --diag_wrap=off --preproc_with_compile --preproc_dependency="main.pp"  "../main.c"
'Finished building: ../main.c'
' '
'Building target: lab3_problem5.out'
'Invoking: C6000 Linker'
"C:/ti/ccsv6/tools/compiler/c6000_7.4.14/bin/cl6x" -mv6740 --abi=coffabi -g --display_error_number --diag_warning=225 --diag_wrap=off -z -m"lab3_problem5.map" -i"C:/ti/ccsv6/tools/compiler/c6000_7.4.14/lib" -i"C:/ti/ccsv6/tools/compiler/c6000_7.4.14/include" --reread_libs --warn_sections --display_error_number --diag_wrap=off --xml_link_info="lab3_problem5_linkInfo.xml" --rom_model -o "lab3_problem5.out" "./ISRs.obj" "./LCDK_Support_DSP.obj" "./StartUp.obj" "./assem.obj" "./autocorr.obj" "./flip.obj" "./libmfcc.obj" "./main.obj" "./svm.obj" "./vectors.obj" "../link6748.cmd"  -l"libc.a" 
<Linking>
'Finished building target: lab3_problem5.out'
' '

**** Build Finished ****

**** Build of configuration Debug for project lab3_problem5 ****

"C:\\ti\\ccsv6\\utils\\bin\\gmake" -k all 
'Building file: ../main.c'
'Invoking: C6000 Compiler'
"C:/ti/ccsv6/tools/compiler/c6000_7.4.14/bin/cl6x" -mv6740 --abi=coffabi -g --include_path="C:/ti/ccsv6/tools/compiler/c6000_7.4.14/include" --display_error_number --diag_warning=225 --diag_wrap=off --preproc_with_compile --preproc_dependency="main.pp"  "../main.c"
'Finished building: ../main.c'
' '
'Building target: lab3_problem5.out'
'Invoking: C6000 Linker'
"C:/ti/ccsv6/tools/compiler/c6000_7.4.14/bin/cl6x" -mv6740 --abi=coffabi -g --display_error_number --diag_warning=225 --diag_wrap=off -z -m"lab3_problem5.map" -i"C:/ti/ccsv6/tools/compiler/c6000_7.4.14/lib" -i"C:/ti/ccsv6/tools/compiler/c6000_7.4.14/include" --reread_libs --warn_sections --display_error_number --diag_wrap=off --xml_link_info="lab3_problem5_linkInfo.xml" --rom_model -o "lab3_problem5.out" "./ISRs.obj" "./LCDK_Support_DSP.obj" "./StartUp.obj" "./assem.obj" "./autocorr.obj" "./flip.obj" "./libmfcc.obj" "./main.obj" "./svm.obj" "./vectors.obj" "../link6748.cmd"  -l"libc.a" 
<Linking>
'Finished building target: lab3_problem5.out'
' '

**** Build Finished ****

**** Build of configuration Debug for project lab3_problem5 ****

"C:\\ti\\ccsv6\\utils\\bin\\gmake" -k all 
gmake: Nothing to be done for `all'.

**** Build Finished ****

**** Build of configuration Debug for project lab3_problem5 ****

"C:\\ti\\ccsv6\\utils\\bin\\gmake" -k all 
'Building file: ../svm.cpp'
'Invoking: C6000 Compiler'
"C:/ti/ccsv6/tools/compiler/c6000_7.4.14/bin/cl6x" -mv6740 --abi=coffabi -g --include_path="C:/ti/ccsv6/tools/compiler/c6000_7.4.14/include" --display_error_number --diag_warning=225 --diag_wrap=off --preproc_with_compile --preproc_dependency="svm.pp"  "../svm.cpp"
"../svm.cpp", line 26: warning #179-D: function "powi2" was declared but never referenced
'Finished building: ../svm.cpp'
' '
'Building target: lab3_problem5.out'
'Invoking: C6000 Linker'
"C:/ti/ccsv6/tools/compiler/c6000_7.4.14/bin/cl6x" -mv6740 --abi=coffabi -g --display_error_number --diag_warning=225 --diag_wrap=off -z -m"lab3_problem5.map" -i"C:/ti/ccsv6/tools/compiler/c6000_7.4.14/lib" -i"C:/ti/ccsv6/tools/compiler/c6000_7.4.14/include" --reread_libs --warn_sections --display_error_number --diag_wrap=off --xml_link_info="lab3_problem5_linkInfo.xml" --rom_model -o "lab3_problem5.out" "./ISRs.obj" "./LCDK_Support_DSP.obj" "./StartUp.obj" "./assem.obj" "./autocorr.obj" "./flip.obj" "./libmfcc.obj" "./main.obj" "./svm.obj" "./vectors.obj" "../link6748.cmd"  -l"libc.a" 
<Linking>
'Finished building target: lab3_problem5.out'
' '

**** Build Finished ****

**** Build of configuration Debug for project lab3_problem5 ****

"C:\\ti\\ccsv6\\utils\\bin\\gmake" -k all 
'Building file: ../main.c'
'Invoking: C6000 Compiler'
"C:/ti/ccsv6/tools/compiler/c6000_7.4.14/bin/cl6x" -mv6740 --abi=coffabi -g --include_path="C:/ti/ccsv6/tools/compiler/c6000_7.4.14/include" --display_error_number --diag_warning=225 --diag_wrap=off --preproc_with_compile --preproc_dependency="main.pp"  "../main.c"
'Finished building: ../main.c'
' '
'Building target: lab3_problem5.out'
'Invoking: C6000 Linker'
"C:/ti/ccsv6/tools/compiler/c6000_7.4.14/bin/cl6x" -mv6740 --abi=coffabi -g --display_error_number --diag_warning=225 --diag_wrap=off -z -m"lab3_problem5.map" -i"C:/ti/ccsv6/tools/compiler/c6000_7.4.14/lib" -i"C:/ti/ccsv6/tools/compiler/c6000_7.4.14/include" --reread_libs --warn_sections --display_error_number --diag_wrap=off --xml_link_info="lab3_problem5_linkInfo.xml" --rom_model -o "lab3_problem5.out" "./ISRs.obj" "./LCDK_Support_DSP.obj" "./StartUp.obj" "./assem.obj" "./autocorr.obj" "./flip.obj" "./libmfcc.obj" "./main.obj" "./svm.obj" "./vectors.obj" "../link6748.cmd"  -l"libc.a" 
<Linking>
'Finished building target: lab3_problem5.out'
' '

**** Build Finished ****

**** Build of configuration Debug for project lab3_problem5 ****

"C:\\ti\\ccsv6\\utils\\bin\\gmake" -k all 
'Building file: ../main.c'
'Invoking: C6000 Compiler'
"C:/ti/ccsv6/tools/compiler/c6000_7.4.14/bin/cl6x" -mv6740 --abi=coffabi -g --include_path="C:/ti/ccsv6/tools/compiler/c6000_7.4.14/include" --display_error_number --diag_warning=225 --diag_wrap=off --preproc_with_compile --preproc_dependency="main.pp"  "../main.c"
'Finished building: ../main.c'
' '
'Building target: lab3_problem5.out'
'Invoking: C6000 Linker'
"C:/ti/ccsv6/tools/compiler/c6000_7.4.14/bin/cl6x" -mv6740 --abi=coffabi -g --display_error_number --diag_warning=225 --diag_wrap=off -z -m"lab3_problem5.map" -i"C:/ti/ccsv6/tools/compiler/c6000_7.4.14/lib" -i"C:/ti/ccsv6/tools/compiler/c6000_7.4.14/include" --reread_libs --warn_sections --display_error_number --diag_wrap=off --xml_link_info="lab3_problem5_linkInfo.xml" --rom_model -o "lab3_problem5.out" "./ISRs.obj" "./LCDK_Support_DSP.obj" "./StartUp.obj" "./assem.obj" "./autocorr.obj" "./flip.obj" "./libmfcc.obj" "./main.obj" "./svm.obj" "./vectors.obj" "../link6748.cmd"  -l"libc.a" 
<Linking>
'Finished building target: lab3_problem5.out'
' '

**** Build Finished ****

**** Build of configuration Debug for project lab3_problem5 ****

"C:\\ti\\ccsv6\\utils\\bin\\gmake" -k all 
'Building file: ../main.c'
'Invoking: C6000 Compiler'
"C:/ti/ccsv6/tools/compiler/c6000_7.4.14/bin/cl6x" -mv6740 --abi=coffabi -g --include_path="C:/ti/ccsv6/tools/compiler/c6000_7.4.14/include" --display_error_number --diag_warning=225 --diag_wrap=off --preproc_with_compile --preproc_dependency="main.pp"  "../main.c"
'Finished building: ../main.c'
' '
'Building target: lab3_problem5.out'
'Invoking: C6000 Linker'
"C:/ti/ccsv6/tools/compiler/c6000_7.4.14/bin/cl6x" -mv6740 --abi=coffabi -g --display_error_number --diag_warning=225 --diag_wrap=off -z -m"lab3_problem5.map" -i"C:/ti/ccsv6/tools/compiler/c6000_7.4.14/lib" -i"C:/ti/ccsv6/tools/compiler/c6000_7.4.14/include" --reread_libs --warn_sections --display_error_number --diag_wrap=off --xml_link_info="lab3_problem5_linkInfo.xml" --rom_model -o "lab3_problem5.out" "./ISRs.obj" "./LCDK_Support_DSP.obj" "./StartUp.obj" "./assem.obj" "./autocorr.obj" "./flip.obj" "./libmfcc.obj" "./main.obj" "./svm.obj" "./vectors.obj" "../link6748.cmd"  -l"libc.a" 
<Linking>
'Finished building target: lab3_problem5.out'
' '

**** Build Finished ****

**** Build of configuration Debug for project lab3_problem3 ****

"C:\\ti\\ccsv6\\utils\\bin\\gmake" -k all 
'Building file: ../main.c'
'Invoking: C6000 Compiler'
"C:/ti/ccsv6/tools/compiler/c6000_7.4.14/bin/cl6x" -mv6740 --abi=coffabi -g --include_path="C:/ti/ccsv6/tools/compiler/c6000_7.4.14/include" --display_error_number --diag_warning=225 --diag_wrap=off --preproc_with_compile --preproc_dependency="main.pp"  "../main.c"
'Finished building: ../main.c'
' '
'Building target: lab3_problem3.out'
'Invoking: C6000 Linker'
"C:/ti/ccsv6/tools/compiler/c6000_7.4.14/bin/cl6x" -mv6740 --abi=coffabi -g --display_error_number --diag_warning=225 --diag_wrap=off -z -m"lab3_problem3.map" -i"C:/ti/ccsv6/tools/compiler/c6000_7.4.14/lib" -i"C:/ti/ccsv6/tools/compiler/c6000_7.4.14/include" --reread_libs --warn_sections --display_error_number --diag_wrap=off --xml_link_info="lab3_problem3_linkInfo.xml" --rom_model -o "lab3_problem3.out" "./ISRs.obj" "./LCDK_Support_DSP.obj" "./StartUp.obj" "./gmm.obj" "./libmfcc.obj" "./main.obj" "./vectors.obj" "../link6748.cmd"  -l"libc.a" 
<Linking>
'Finished building target: lab3_problem3.out'
' '

**** Build Finished ****

**** Build of configuration Debug for project lab3_problem5 ****

"C:\\ti\\ccsv6\\utils\\bin\\gmake" -k all 
'Building file: ../main.c'
'Invoking: C6000 Compiler'
"C:/ti/ccsv6/tools/compiler/c6000_7.4.14/bin/cl6x" -mv6740 --abi=coffabi -g --include_path="C:/ti/ccsv6/tools/compiler/c6000_7.4.14/include" --display_error_number --diag_warning=225 --diag_wrap=off --preproc_with_compile --preproc_dependency="main.pp"  "../main.c"
'Finished building: ../main.c'
' '
'Building target: lab3_problem5.out'
'Invoking: C6000 Linker'
"C:/ti/ccsv6/tools/compiler/c6000_7.4.14/bin/cl6x" -mv6740 --abi=coffabi -g --display_error_number --diag_warning=225 --diag_wrap=off -z -m"lab3_problem5.map" -i"C:/ti/ccsv6/tools/compiler/c6000_7.4.14/lib" -i"C:/ti/ccsv6/tools/compiler/c6000_7.4.14/include" --reread_libs --warn_sections --display_error_number --diag_wrap=off --xml_link_info="lab3_problem5_linkInfo.xml" --rom_model -o "lab3_problem5.out" "./ISRs.obj" "./LCDK_Support_DSP.obj" "./StartUp.obj" "./assem.obj" "./autocorr.obj" "./flip.obj" "./libmfcc.obj" "./main.obj" "./svm.obj" "./vectors.obj" "../link6748.cmd"  -l"libc.a" 
<Linking>
'Finished building target: lab3_problem5.out'
' '

**** Build Finished ****

**** Build of configuration Debug for project lab3_problem3 ****

"C:\\ti\\ccsv6\\utils\\bin\\gmake" -k all 
'Building file: ../main.c'
'Invoking: C6000 Compiler'
"C:/ti/ccsv6/tools/compiler/c6000_7.4.14/bin/cl6x" -mv6740 --abi=coffabi -g --include_path="C:/ti/ccsv6/tools/compiler/c6000_7.4.14/include" --display_error_number --diag_warning=225 --diag_wrap=off --preproc_with_compile --preproc_dependency="main.pp"  "../main.c"
'Finished building: ../main.c'
' '
'Building target: lab3_problem3.out'
'Invoking: C6000 Linker'
"C:/ti/ccsv6/tools/compiler/c6000_7.4.14/bin/cl6x" -mv6740 --abi=coffabi -g --display_error_number --diag_warning=225 --diag_wrap=off -z -m"lab3_problem3.map" -i"C:/ti/ccsv6/tools/compiler/c6000_7.4.14/lib" -i"C:/ti/ccsv6/tools/compiler/c6000_7.4.14/include" --reread_libs --warn_sections --display_error_number --diag_wrap=off --xml_link_info="lab3_problem3_linkInfo.xml" --rom_model -o "lab3_problem3.out" "./ISRs.obj" "./LCDK_Support_DSP.obj" "./StartUp.obj" "./gmm.obj" "./libmfcc.obj" "./main.obj" "./vectors.obj" "../link6748.cmd"  -l"libc.a" 
<Linking>
'Finished building target: lab3_problem3.out'
' '

**** Build Finished ****
Buildfile generation error occurred..
This project was created using a version of compiler that is not currently installed: 7.4.14 [C6000]. See 'Help > Check for Updates' or visit CCS App Center to get the latest compilers. See 'Help > Install New Software...' to install older compilers. Alternatively, migrate the project to one of the available compiler versions by adjusting project properties.
Build stopped..

**** Build of configuration Debug for project lab3_problem5 ****

"C:\\ti\\ccsv7\\utils\\bin\\gmake" -k all 
'Building file: ../main.c'
'Invoking: C6000 Compiler'
"C:/Users/johnsj96/Downloads/c6000_7.4.14/bin/cl6x" -mv6740 --abi=coffabi -g --include_path="C:/Users/johnsj96/Downloads/c6000_7.4.14/include" --diag_wrap=off --display_error_number --diag_warning=225 --preproc_with_compile --preproc_dependency="main.d"  "../main.c"

>> Compilation failure
subdir_rules.mk:58: recipe for target 'main.obj' failed
"../main.c", line 107: error #20: identifier "mffc_result" is undefined
1 error detected in the compilation of "../main.c".
gmake: *** [main.obj] Error 1
gmake: Target 'all' not remade because of errors.

**** Build Finished ****

**** Build of configuration Debug for project lab3_problem5 ****

"C:\\ti\\ccsv7\\utils\\bin\\gmake" -k all 
'Building file: ../main.c'
'Invoking: C6000 Compiler'
"C:/Users/johnsj96/Downloads/c6000_7.4.14/bin/cl6x" -mv6740 --abi=coffabi -g --include_path="C:/Users/johnsj96/Downloads/c6000_7.4.14/include" --diag_wrap=off --display_error_number --diag_warning=225 --preproc_with_compile --preproc_dependency="main.d"  "../main.c"
'Finished building: ../main.c'
' '
'Building target: lab3_problem5.out'
'Invoking: C6000 Linker'
"C:/Users/johnsj96/Downloads/c6000_7.4.14/bin/cl6x" -mv6740 --abi=coffabi -g --diag_wrap=off --display_error_number --diag_warning=225 -z -m"lab3_problem5.map" -i"C:/Users/johnsj96/Downloads/c6000_7.4.14/lib" -i"C:/Users/johnsj96/Downloads/c6000_7.4.14/include" --reread_libs --diag_wrap=off --display_error_number --warn_sections --xml_link_info="lab3_problem5_linkInfo.xml" --rom_model -o "lab3_problem5.out" "./ISRs.obj" "./LCDK_Support_DSP.obj" "./StartUp.obj" "./assem.obj" "./autocorr.obj" "./flip.obj" "./libmfcc.obj" "./main.obj" "./svm.obj" "./vectors.obj" "../link6748.cmd"  -llibc.a 
<Linking>
'Finished building target: lab3_problem5.out'
' '

**** Build Finished ****

**** Build of configuration Debug for project lab3_problem5 ****

"C:\\ti\\ccsv6\\utils\\bin\\gmake" -k all 
'Building file: ../ISRs.c'
'Invoking: C6000 Compiler'
"C:/ti/ccsv6/tools/compiler/c6000_7.4.14/bin/cl6x" -mv6740 --abi=coffabi -g --include_path="C:/ti/ccsv6/tools/compiler/c6000_7.4.14/include" --display_error_number --diag_warning=225 --diag_wrap=off --preproc_with_compile --preproc_dependency="ISRs.pp"  "../ISRs.c"
'Finished building: ../ISRs.c'
' '
'Building file: ../LCDK_Support_DSP.c'
'Invoking: C6000 Compiler'
"C:/ti/ccsv6/tools/compiler/c6000_7.4.14/bin/cl6x" -mv6740 --abi=coffabi -g --include_path="C:/ti/ccsv6/tools/compiler/c6000_7.4.14/include" --display_error_number --diag_warning=225 --diag_wrap=off --preproc_with_compile --preproc_dependency="LCDK_Support_DSP.pp"  "../LCDK_Support_DSP.c"
'Finished building: ../LCDK_Support_DSP.c'
' '
'Building file: ../StartUp.c'
'Invoking: C6000 Compiler'
"C:/ti/ccsv6/tools/compiler/c6000_7.4.14/bin/cl6x" -mv6740 --abi=coffabi -g --include_path="C:/ti/ccsv6/tools/compiler/c6000_7.4.14/include" --display_error_number --diag_warning=225 --diag_wrap=off --preproc_with_compile --preproc_dependency="StartUp.pp"  "../StartUp.c"
'Finished building: ../StartUp.c'
' '
'Building file: ../assem.asm'
'Invoking: C6000 Compiler'
"C:/ti/ccsv6/tools/compiler/c6000_7.4.14/bin/cl6x" -mv6740 --abi=coffabi -g --include_path="C:/ti/ccsv6/tools/compiler/c6000_7.4.14/include" --display_error_number --diag_warning=225 --diag_wrap=off --preproc_with_compile --preproc_dependency="assem.pp"  "../assem.asm"
"../assem.asm", WARNING! at line 8: [W9999] Placing data in a code section (.text) is discouraged. The data may be interpreted as code. This section will not be compressed.
	            MV    A6,A1    	    ;setup loop count

No Assembly Errors, 1 Assembly Warning
'Finished building: ../assem.asm'
' '
'Building file: ../autocorr.asm'
'Invoking: C6000 Compiler'
"C:/ti/ccsv6/tools/compiler/c6000_7.4.14/bin/cl6x" -mv6740 --abi=coffabi -g --include_path="C:/ti/ccsv6/tools/compiler/c6000_7.4.14/include" --display_error_number --diag_warning=225 --diag_wrap=off --preproc_with_compile --preproc_dependency="autocorr.pp"  "../autocorr.asm"
'Finished building: ../autocorr.asm'
' '
'Building file: ../flip.asm'
'Invoking: C6000 Compiler'
"C:/ti/ccsv6/tools/compiler/c6000_7.4.14/bin/cl6x" -mv6740 --abi=coffabi -g --include_path="C:/ti/ccsv6/tools/compiler/c6000_7.4.14/include" --display_error_number --diag_warning=225 --diag_wrap=off --preproc_with_compile --preproc_dependency="flip.pp"  "../flip.asm"
'Finished building: ../flip.asm'
' '
'Building file: ../libmfcc.c'
'Invoking: C6000 Compiler'
"C:/ti/ccsv6/tools/compiler/c6000_7.4.14/bin/cl6x" -mv6740 --abi=coffabi -g --include_path="C:/ti/ccsv6/tools/compiler/c6000_7.4.14/include" --display_error_number --diag_warning=225 --diag_wrap=off --preproc_with_compile --preproc_dependency="libmfcc.pp"  "../libmfcc.c"
'Finished building: ../libmfcc.c'
' '
'Building file: ../main.c'
'Invoking: C6000 Compiler'
"C:/ti/ccsv6/tools/compiler/c6000_7.4.14/bin/cl6x" -mv6740 --abi=coffabi -g --include_path="C:/ti/ccsv6/tools/compiler/c6000_7.4.14/include" --display_error_number --diag_warning=225 --diag_wrap=off --preproc_with_compile --preproc_dependency="main.pp"  "../main.c"
"../main.c", line 127: warning #225-D: function declared implicitly
"../main.c", line 135: error #169: argument of type "double *" is incompatible with parameter of type "double"
"../main.c", line 348: error #143: expression must have pointer-to-object type
"../main.c", line 358: error #28: expression must have a constant value
"../main.c", line 360: error #20: identifier "c" is undefined
"../main.c", line 361: error #143: expression must have pointer-to-object type
"../main.c", line 365: error #28: expression must have a constant value

>> Compilation failure
"../main.c", line 368: error #143: expression must have pointer-to-object type
"../main.c", line 381: error #143: expression must have pointer-to-object type
"../main.c", line 381: error #143: expression must have pointer-to-object type
"../main.c", line 382: error #66: expected a ";"
"../main.c", line 343: warning #552-D: variable "labels" was set but never used
10 errors detected in the compilation of "../main.c".
gmake: *** [main.obj] Error 1
'Building file: ../svm.cpp'
'Invoking: C6000 Compiler'
"C:/ti/ccsv6/tools/compiler/c6000_7.4.14/bin/cl6x" -mv6740 --abi=coffabi -g --include_path="C:/ti/ccsv6/tools/compiler/c6000_7.4.14/include" --display_error_number --diag_warning=225 --diag_wrap=off --preproc_with_compile --preproc_dependency="svm.pp"  "../svm.cpp"
"../svm.cpp", line 2634: error #102: "k" has already been declared in the current scope
"../svm.cpp", line 26: warning #179-D: function "powi2" was declared but never referenced
1 error detected in the compilation of "../svm.cpp".

>> Compilation failure
gmake: *** [svm.obj] Error 1
'Building file: ../vectors.asm'
'Invoking: C6000 Compiler'
"C:/ti/ccsv6/tools/compiler/c6000_7.4.14/bin/cl6x" -mv6740 --abi=coffabi -g --include_path="C:/ti/ccsv6/tools/compiler/c6000_7.4.14/include" --display_error_number --diag_warning=225 --diag_wrap=off --preproc_with_compile --preproc_dependency="vectors.pp"  "../vectors.asm"
'Finished building: ../vectors.asm'
' '
gmake: Target `all' not remade because of errors.

**** Build Finished ****

**** Build of configuration Debug for project lab3_problem5 ****

"C:\\ti\\ccsv6\\utils\\bin\\gmake" -k all 
'Building file: ../main.c'
'Invoking: C6000 Compiler'
"C:/ti/ccsv6/tools/compiler/c6000_7.4.14/bin/cl6x" -mv6740 --abi=coffabi -g --include_path="C:/ti/ccsv6/tools/compiler/c6000_7.4.14/include" --display_error_number --diag_warning=225 --diag_wrap=off --preproc_with_compile --preproc_dependency="main.pp"  "../main.c"
"../main.c", line 126: error #20: identifier "cross_validation" is undefined
"../main.c", line 127: warning #225-D: function declared implicitly
"../main.c", line 129: error #20: identifier "model" is undefined
"../main.c", line 129: error #20: identifier "param" is undefined
"../main.c", line 135: error #169: argument of type "double *" is incompatible with parameter of type "double"
"../main.c", line 199: error #20: identifier "param" is undefined
"../main.c", line 214: error #20: identifier "cross_validation" is undefined
"../main.c", line 348: error #20: identifier "labels" is undefined
"../main.c", line 357: error #28: expression must have a constant value

>> Compilation failure
"../main.c", line 359: error #20: identifier "c" is undefined
"../main.c", line 364: error #28: expression must have a constant value
"../main.c", line 380: error #143: expression must have pointer-to-object type
"../main.c", line 380: error #143: expression must have pointer-to-object type
"../main.c", line 381: error #66: expected a ";"
13 errors detected in the compilation of "../main.c".
gmake: *** [main.obj] Error 1
'Building file: ../svm.cpp'
'Invoking: C6000 Compiler'
"C:/ti/ccsv6/tools/compiler/c6000_7.4.14/bin/cl6x" -mv6740 --abi=coffabi -g --include_path="C:/ti/ccsv6/tools/compiler/c6000_7.4.14/include" --display_error_number --diag_warning=225 --diag_wrap=off --preproc_with_compile --preproc_dependency="svm.pp"  "../svm.cpp"
"../svm.cpp", line 2634: error #102: "k" has already been declared in the current scope
"../svm.cpp", line 26: warning #179-D: function "powi2" was declared but never referenced
1 error detected in the compilation of "../svm.cpp".

>> Compilation failure
gmake: *** [svm.obj] Error 1
gmake: Target `all' not remade because of errors.

**** Build Finished ****

**** Build of configuration Debug for project lab3_problem5 ****

"C:\\ti\\ccsv6\\utils\\bin\\gmake" -k all 
'Building file: ../main.c'
'Invoking: C6000 Compiler'
"C:/ti/ccsv6/tools/compiler/c6000_7.4.14/bin/cl6x" -mv6740 --abi=coffabi -g --include_path="C:/ti/ccsv6/tools/compiler/c6000_7.4.14/include" --display_error_number --diag_warning=225 --diag_wrap=off --preproc_with_compile --preproc_dependency="main.pp"  "../main.c"
"../main.c", line 135: error #169: argument of type "double *" is incompatible with parameter of type "double"
"../main.c", line 199: error #20: identifier "param" is undefined
"../main.c", line 214: error #20: identifier "cross_validation" is undefined
"../main.c", line 358: error #28: expression must have a constant value
"../main.c", line 360: error #20: identifier "c" is undefined
"../main.c", line 365: error #28: expression must have a constant value

"../main.c", line 381: error #143: expression must have pointer-to-object type
"../main.c", line 381: error #143: expression must have pointer-to-object type
8 errors detected in the compilation of "../main.c".
>> Compilation failure
gmake: *** [main.obj] Error 1
'Building file: ../svm.cpp'
'Invoking: C6000 Compiler'
"C:/ti/ccsv6/tools/compiler/c6000_7.4.14/bin/cl6x" -mv6740 --abi=coffabi -g --include_path="C:/ti/ccsv6/tools/compiler/c6000_7.4.14/include" --display_error_number --diag_warning=225 --diag_wrap=off --preproc_with_compile --preproc_dependency="svm.pp"  "../svm.cpp"
"../svm.cpp", line 2634: error #102: "k" has already been declared in the current scope
"../svm.cpp", line 26: warning #179-D: function "powi2" was declared but never referenced
1 error detected in the compilation of "../svm.cpp".

>> Compilation failure
gmake: *** [svm.obj] Error 1
gmake: Target `all' not remade because of errors.

**** Build Finished ****

**** Build of configuration Debug for project lab3_problem5 ****

"C:\\ti\\ccsv6\\utils\\bin\\gmake" -k all 
'Building file: ../main.c'
'Invoking: C6000 Compiler'
"C:/ti/ccsv6/tools/compiler/c6000_7.4.14/bin/cl6x" -mv6740 --abi=coffabi -g --include_path="C:/ti/ccsv6/tools/compiler/c6000_7.4.14/include" --display_error_number --diag_warning=225 --diag_wrap=off --preproc_with_compile --preproc_dependency="main.pp"  "../main.c"
"../main.c", line 135: error #169: argument of type "double *" is incompatible with parameter of type "double"
"../main.c", line 358: error #28: expression must have a constant value
"../main.c", line 365: error #28: expression must have a constant value
"../main.c", line 381: error #143: expression must have pointer-to-object type

>> Compilation failure
"../main.c", line 381: error #143: expression must have pointer-to-object type
5 errors detected in the compilation of "../main.c".
gmake: *** [main.obj] Error 1
'Building file: ../svm.cpp'
'Invoking: C6000 Compiler'
"C:/ti/ccsv6/tools/compiler/c6000_7.4.14/bin/cl6x" -mv6740 --abi=coffabi -g --include_path="C:/ti/ccsv6/tools/compiler/c6000_7.4.14/include" --display_error_number --diag_warning=225 --diag_wrap=off --preproc_with_compile --preproc_dependency="svm.pp"  "../svm.cpp"
"../svm.cpp", line 26: warning #179-D: function "powi2" was declared but never referenced
'Finished building: ../svm.cpp'
' '
gmake: Target `all' not remade because of errors.

**** Build Finished ****

**** Build of configuration Debug for project lab3_problem5 ****

"C:\\ti\\ccsv6\\utils\\bin\\gmake" -k all 
'Building file: ../main.c'
'Invoking: C6000 Compiler'
"C:/ti/ccsv6/tools/compiler/c6000_7.4.14/bin/cl6x" -mv6740 --abi=coffabi -g --include_path="C:/ti/ccsv6/tools/compiler/c6000_7.4.14/include" --display_error_number --diag_warning=225 --diag_wrap=off --preproc_with_compile --preproc_dependency="main.pp"  "../main.c"
"../main.c", line 135: error #169: argument of type "double *" is incompatible with parameter of type "double"
"../main.c", line 339: error #148: declaration is incompatible with "double read_predict(double)" (declared at line 54)

"../main.c", line 355: error #138: expression must be a modifiable lvalue
"../main.c", line 358: error #28: expression must have a constant value
"../main.c", line 365: error #28: expression must have a constant value
>> Compilation failure
"../main.c", line 381: error #143: expression must have pointer-to-object type
6 errors detected in the compilation of "../main.c".
gmake: *** [main.obj] Error 1
gmake: Target `all' not remade because of errors.

**** Build Finished ****

**** Build of configuration Debug for project lab3_problem5 ****

"C:\\ti\\ccsv6\\utils\\bin\\gmake" -k all 
'Building file: ../main.c'
'Invoking: C6000 Compiler'
"C:/ti/ccsv6/tools/compiler/c6000_7.4.14/bin/cl6x" -mv6740 --abi=coffabi -g --include_path="C:/ti/ccsv6/tools/compiler/c6000_7.4.14/include" --display_error_number --diag_warning=225 --diag_wrap=off --preproc_with_compile --preproc_dependency="main.pp"  "../main.c"
"../main.c", line 359: error #28: expression must have a constant value
"../main.c", line 366: error #28: expression must have a constant value
"../main.c", line 382: error #143: expression must have pointer-to-object type
3 errors detected in the compilation of "../main.c".

>> Compilation failure
gmake: *** [main.obj] Error 1
gmake: Target `all' not remade because of errors.

**** Build Finished ****

**** Build of configuration Debug for project lab3_problem5 ****

"C:\\ti\\ccsv6\\utils\\bin\\gmake" -k all 
'Building file: ../main.c'
'Invoking: C6000 Compiler'
"C:/ti/ccsv6/tools/compiler/c6000_7.4.14/bin/cl6x" -mv6740 --abi=coffabi -g --include_path="C:/ti/ccsv6/tools/compiler/c6000_7.4.14/include" --display_error_number --diag_warning=225 --diag_wrap=off --preproc_with_compile --preproc_dependency="main.pp"  "../main.c"
"../main.c", line 359: error #145: a value of type "double **" cannot be used to initialize an entity of type "double *"
"../main.c", line 361: error #515: a value of type "double *" cannot be assigned to an entity of type "double"
"../main.c", line 366: error #143: expression must have pointer-to-object type
"../main.c", line 371: error #145: a value of type "double **" cannot be used to initialize an entity of type "double *"

>> Compilation failure
"../main.c", line 373: error #515: a value of type "double *" cannot be assigned to an entity of type "double"
"../main.c", line 378: error #143: expression must have pointer-to-object type
"../main.c", line 388: error #143: expression must have pointer-to-object type
"../main.c", line 391: error #143: expression must have pointer-to-object type
8 errors detected in the compilation of "../main.c".
gmake: *** [main.obj] Error 1
gmake: Target `all' not remade because of errors.

**** Build Finished ****

**** Build of configuration Debug for project lab3_problem5 ****

"C:\\ti\\ccsv6\\utils\\bin\\gmake" -k all 
'Building file: ../main.c'
'Invoking: C6000 Compiler'
"C:/ti/ccsv6/tools/compiler/c6000_7.4.14/bin/cl6x" -mv6740 --abi=coffabi -g --include_path="C:/ti/ccsv6/tools/compiler/c6000_7.4.14/include" --display_error_number --diag_warning=225 --diag_wrap=off --preproc_with_compile --preproc_dependency="main.pp"  "../main.c"
"../main.c", line 361: error #515: a value of type "double *" cannot be assigned to an entity of type "double"
"../main.c", line 373: error #515: a value of type "double *" cannot be assigned to an entity of type "double"
2 errors detected in the compilation of "../main.c".

>> Compilation failure
gmake: *** [main.obj] Error 1
gmake: Target `all' not remade because of errors.

**** Build Finished ****

**** Build of configuration Debug for project lab3_problem5 ****

"C:\\ti\\ccsv6\\utils\\bin\\gmake" -k all 
'Building file: ../main.c'
'Invoking: C6000 Compiler'
"C:/ti/ccsv6/tools/compiler/c6000_7.4.14/bin/cl6x" -mv6740 --abi=coffabi -g --include_path="C:/ti/ccsv6/tools/compiler/c6000_7.4.14/include" --display_error_number --diag_warning=225 --diag_wrap=off --preproc_with_compile --preproc_dependency="main.pp"  "../main.c"
'Finished building: ../main.c'
' '
'Building target: lab3_problem5.out'
'Invoking: C6000 Linker'
"C:/ti/ccsv6/tools/compiler/c6000_7.4.14/bin/cl6x" -mv6740 --abi=coffabi -g --display_error_number --diag_warning=225 --diag_wrap=off -z -m"lab3_problem5.map" -i"C:/ti/ccsv6/tools/compiler/c6000_7.4.14/lib" -i"C:/ti/ccsv6/tools/compiler/c6000_7.4.14/include" --reread_libs --warn_sections --display_error_number --diag_wrap=off --xml_link_info="lab3_problem5_linkInfo.xml" --rom_model -o "lab3_problem5.out" "./ISRs.obj" "./LCDK_Support_DSP.obj" "./StartUp.obj" "./assem.obj" "./autocorr.obj" "./flip.obj" "./libmfcc.obj" "./main.obj" "./svm.obj" "./vectors.obj" "../link6748.cmd"  -l"libc.a" 
<Linking>

 undefined    first referenced
  symbol          in file     
 ---------    ----------------
 _svm_predict ./svm.obj       

error #10234-D: unresolved symbols remain
error #10010: errors encountered during linking; "lab3_problem5.out" not built

>> Compilation failure
gmake: *** [lab3_problem5.out] Error 1
gmake: Target `all' not remade because of errors.

**** Build Finished ****

**** Build of configuration Debug for project lab3_problem5 ****

"C:\\ti\\ccsv6\\utils\\bin\\gmake" -k all 
'Building file: ../svm.cpp'
'Invoking: C6000 Compiler'
"C:/ti/ccsv6/tools/compiler/c6000_7.4.14/bin/cl6x" -mv6740 --abi=coffabi -g --include_path="C:/ti/ccsv6/tools/compiler/c6000_7.4.14/include" --display_error_number --diag_warning=225 --diag_wrap=off --preproc_with_compile --preproc_dependency="svm.pp"  "../svm.cpp"
"../svm.cpp", line 26: warning #179-D: function "powi2" was declared but never referenced
'Finished building: ../svm.cpp'
' '
'Building target: lab3_problem5.out'
'Invoking: C6000 Linker'
"C:/ti/ccsv6/tools/compiler/c6000_7.4.14/bin/cl6x" -mv6740 --abi=coffabi -g --display_error_number --diag_warning=225 --diag_wrap=off -z -m"lab3_problem5.map" -i"C:/ti/ccsv6/tools/compiler/c6000_7.4.14/lib" -i"C:/ti/ccsv6/tools/compiler/c6000_7.4.14/include" --reread_libs --warn_sections --display_error_number --diag_wrap=off --xml_link_info="lab3_problem5_linkInfo.xml" --rom_model -o "lab3_problem5.out" "./ISRs.obj" "./LCDK_Support_DSP.obj" "./StartUp.obj" "./assem.obj" "./autocorr.obj" "./flip.obj" "./libmfcc.obj" "./main.obj" "./svm.obj" "./vectors.obj" "../link6748.cmd"  -l"libc.a" 
<Linking>

 undefined    first referenced
  symbol          in file     
 ---------    ----------------
 _svm_predict ./svm.obj       

error #10234-D: unresolved symbols remain
error #10010: errors encountered during linking; "lab3_problem5.out" not built

>> Compilation failure
gmake: *** [lab3_problem5.out] Error 1
gmake: Target `all' not remade because of errors.

**** Build Finished ****

**** Build of configuration Debug for project lab3_problem5 ****

"C:\\ti\\ccsv6\\utils\\bin\\gmake" -k all 
'Building file: ../main.c'
'Invoking: C6000 Compiler'
"C:/ti/ccsv6/tools/compiler/c6000_7.4.14/bin/cl6x" -mv6740 --abi=coffabi -g --include_path="C:/ti/ccsv6/tools/compiler/c6000_7.4.14/include" --display_error_number --diag_warning=225 --diag_wrap=off --preproc_with_compile --preproc_dependency="main.pp"  "../main.c"
'Finished building: ../main.c'
' '
'Building file: ../svm.cpp'
'Invoking: C6000 Compiler'
"C:/ti/ccsv6/tools/compiler/c6000_7.4.14/bin/cl6x" -mv6740 --abi=coffabi -g --include_path="C:/ti/ccsv6/tools/compiler/c6000_7.4.14/include" --display_error_number --diag_warning=225 --diag_wrap=off --preproc_with_compile --preproc_dependency="svm.pp"  "../svm.cpp"
"../svm.cpp", line 2450: error #20: identifier "svm_predict" is undefined
"../svm.cpp", line 2725: error #20: identifier "svm_predict" is undefined
"../svm.cpp", line 26: warning #179-D: function "powi2" was declared but never referenced
2 errors detected in the compilation of "../svm.cpp".

>> Compilation failure
gmake: *** [svm.obj] Error 1
gmake: Target `all' not remade because of errors.

**** Build Finished ****

**** Build of configuration Debug for project lab3_problem5 ****

"C:\\ti\\ccsv6\\utils\\bin\\gmake" -k all 
'Building file: ../main.c'
'Invoking: C6000 Compiler'
"C:/ti/ccsv6/tools/compiler/c6000_7.4.14/bin/cl6x" -mv6740 --abi=coffabi -g --include_path="C:/ti/ccsv6/tools/compiler/c6000_7.4.14/include" --display_error_number --diag_warning=225 --diag_wrap=off --preproc_with_compile --preproc_dependency="main.pp"  "../main.c"
'Finished building: ../main.c'
' '
'Building file: ../svm.cpp'
'Invoking: C6000 Compiler'
"C:/ti/ccsv6/tools/compiler/c6000_7.4.14/bin/cl6x" -mv6740 --abi=coffabi -g --include_path="C:/ti/ccsv6/tools/compiler/c6000_7.4.14/include" --display_error_number --diag_warning=225 --diag_wrap=off --preproc_with_compile --preproc_dependency="svm.pp"  "../svm.cpp"
"../svm.cpp", line 2580: error #131: expected a "{"
"../svm.cpp", line 2682: warning #12-D: parsing restarts here after previous syntax error
"../svm.cpp", line 2682: warning #994-D: missing return statement at end of non-void function "svm_predict(double *, int, const svm_node *)"
"../svm.cpp", line 26: warning #179-D: function "powi2" was declared but never referenced
1 error detected in the compilation of "../svm.cpp".

>> Compilation failure
gmake: *** [svm.obj] Error 1
gmake: Target `all' not remade because of errors.

**** Build Finished ****

**** Build of configuration Debug for project lab3_problem5 ****

"C:\\ti\\ccsv6\\utils\\bin\\gmake" -k all 
'Building file: ../svm.cpp'
'Invoking: C6000 Compiler'
"C:/ti/ccsv6/tools/compiler/c6000_7.4.14/bin/cl6x" -mv6740 --abi=coffabi -g --include_path="C:/ti/ccsv6/tools/compiler/c6000_7.4.14/include" --display_error_number --diag_warning=225 --diag_wrap=off --preproc_with_compile --preproc_dependency="svm.pp"  "../svm.cpp"
"../svm.cpp", line 26: warning #179-D: function "powi2" was declared but never referenced
'Finished building: ../svm.cpp'
' '
'Building target: lab3_problem5.out'
'Invoking: C6000 Linker'
"C:/ti/ccsv6/tools/compiler/c6000_7.4.14/bin/cl6x" -mv6740 --abi=coffabi -g --display_error_number --diag_warning=225 --diag_wrap=off -z -m"lab3_problem5.map" -i"C:/ti/ccsv6/tools/compiler/c6000_7.4.14/lib" -i"C:/ti/ccsv6/tools/compiler/c6000_7.4.14/include" --reread_libs --warn_sections --display_error_number --diag_wrap=off --xml_link_info="lab3_problem5_linkInfo.xml" --rom_model -o "lab3_problem5.out" "./ISRs.obj" "./LCDK_Support_DSP.obj" "./StartUp.obj" "./assem.obj" "./autocorr.obj" "./flip.obj" "./libmfcc.obj" "./main.obj" "./svm.obj" "./vectors.obj" "../link6748.cmd"  -l"libc.a" 
<Linking>

 undefined    first referenced
  symbol          in file     
 ---------    ----------------
 _svm_predict ./svm.obj       

error #10234-D: unresolved symbols remain
error #10010: errors encountered during linking; "lab3_problem5.out" not built

>> Compilation failure
gmake: *** [lab3_problem5.out] Error 1
gmake: Target `all' not remade because of errors.

**** Build Finished ****

**** Clean-only build of configuration Debug for project lab3_problem5 ****

"C:\\ti\\ccsv6\\utils\\bin\\gmake" -k clean 
DEL /F  "lab3_problem5.out"  "lab3_problem5.hex" 
Could Not Find U:\4th Year (2017-2018)\Spring Quarter\EE 443\workspace\EE-443-Lab3\lab3_problem5\Debug\lab3_problem5.out
DEL /F "svm.pp" 
DEL /F "ISRs.pp" "LCDK_Support_DSP.pp" "StartUp.pp" "libmfcc.pp" "main.pp" 
DEL /F "ISRs.obj" "LCDK_Support_DSP.obj" "StartUp.obj" "assem.obj" "autocorr.obj" "flip.obj" "libmfcc.obj" "main.obj" "svm.obj" "vectors.obj" 
DEL /F "assem.pp" "autocorr.pp" "flip.pp" "vectors.pp" 
Could Not Find U:\4th Year (2017-2018)\Spring Quarter\EE 443\workspace\EE-443-Lab3\lab3_problem5\Debug\assem.pp
'Finished clean'
' '

**** Build Finished ****

**** Build of configuration Debug for project lab3_problem5 ****

"C:\\ti\\ccsv6\\utils\\bin\\gmake" -k all 
'Building file: ../ISRs.c'
'Invoking: C6000 Compiler'
"C:/ti/ccsv6/tools/compiler/c6000_7.4.14/bin/cl6x" -mv6740 --abi=coffabi -g --include_path="C:/ti/ccsv6/tools/compiler/c6000_7.4.14/include" --display_error_number --diag_warning=225 --diag_wrap=off --preproc_with_compile --preproc_dependency="ISRs.pp"  "../ISRs.c"
'Finished building: ../ISRs.c'
' '
'Building file: ../LCDK_Support_DSP.c'
'Invoking: C6000 Compiler'
"C:/ti/ccsv6/tools/compiler/c6000_7.4.14/bin/cl6x" -mv6740 --abi=coffabi -g --include_path="C:/ti/ccsv6/tools/compiler/c6000_7.4.14/include" --display_error_number --diag_warning=225 --diag_wrap=off --preproc_with_compile --preproc_dependency="LCDK_Support_DSP.pp"  "../LCDK_Support_DSP.c"
'Finished building: ../LCDK_Support_DSP.c'
' '
'Building file: ../StartUp.c'
'Invoking: C6000 Compiler'
"C:/ti/ccsv6/tools/compiler/c6000_7.4.14/bin/cl6x" -mv6740 --abi=coffabi -g --include_path="C:/ti/ccsv6/tools/compiler/c6000_7.4.14/include" --display_error_number --diag_warning=225 --diag_wrap=off --preproc_with_compile --preproc_dependency="StartUp.pp"  "../StartUp.c"
'Finished building: ../StartUp.c'
' '
'Building file: ../assem.asm'
'Invoking: C6000 Compiler'
"C:/ti/ccsv6/tools/compiler/c6000_7.4.14/bin/cl6x" -mv6740 --abi=coffabi -g --include_path="C:/ti/ccsv6/tools/compiler/c6000_7.4.14/include" --display_error_number --diag_warning=225 --diag_wrap=off --preproc_with_compile --preproc_dependency="assem.pp"  "../assem.asm"
"../assem.asm", WARNING! at line 8: [W9999] Placing data in a code section (.text) is discouraged. The data may be interpreted as code. This section will not be compressed.
	            MV    A6,A1    	    ;setup loop count

No Assembly Errors, 1 Assembly Warning
'Finished building: ../assem.asm'
' '
'Building file: ../autocorr.asm'
'Invoking: C6000 Compiler'
"C:/ti/ccsv6/tools/compiler/c6000_7.4.14/bin/cl6x" -mv6740 --abi=coffabi -g --include_path="C:/ti/ccsv6/tools/compiler/c6000_7.4.14/include" --display_error_number --diag_warning=225 --diag_wrap=off --preproc_with_compile --preproc_dependency="autocorr.pp"  "../autocorr.asm"
'Finished building: ../autocorr.asm'
' '
'Building file: ../flip.asm'
'Invoking: C6000 Compiler'
"C:/ti/ccsv6/tools/compiler/c6000_7.4.14/bin/cl6x" -mv6740 --abi=coffabi -g --include_path="C:/ti/ccsv6/tools/compiler/c6000_7.4.14/include" --display_error_number --diag_warning=225 --diag_wrap=off --preproc_with_compile --preproc_dependency="flip.pp"  "../flip.asm"
'Finished building: ../flip.asm'
' '
'Building file: ../libmfcc.c'
'Invoking: C6000 Compiler'
"C:/ti/ccsv6/tools/compiler/c6000_7.4.14/bin/cl6x" -mv6740 --abi=coffabi -g --include_path="C:/ti/ccsv6/tools/compiler/c6000_7.4.14/include" --display_error_number --diag_warning=225 --diag_wrap=off --preproc_with_compile --preproc_dependency="libmfcc.pp"  "../libmfcc.c"
'Finished building: ../libmfcc.c'
' '
'Building file: ../main.c'
'Invoking: C6000 Compiler'
"C:/ti/ccsv6/tools/compiler/c6000_7.4.14/bin/cl6x" -mv6740 --abi=coffabi -g --include_path="C:/ti/ccsv6/tools/compiler/c6000_7.4.14/include" --display_error_number --diag_warning=225 --diag_wrap=off --preproc_with_compile --preproc_dependency="main.pp"  "../main.c"
'Finished building: ../main.c'
' '
'Building file: ../vectors.asm'
'Invoking: C6000 Compiler'
"C:/ti/ccsv6/tools/compiler/c6000_7.4.14/bin/cl6x" -mv6740 --abi=coffabi -g --include_path="C:/ti/ccsv6/tools/compiler/c6000_7.4.14/include" --display_error_number --diag_warning=225 --diag_wrap=off --preproc_with_compile --preproc_dependency="vectors.pp"  "../vectors.asm"
'Finished building: ../vectors.asm'
' '
'Building target: lab3_problem5.out'
'Invoking: C6000 Linker'
"C:/ti/ccsv6/tools/compiler/c6000_7.4.14/bin/cl6x" -mv6740 --abi=coffabi -g --display_error_number --diag_warning=225 --diag_wrap=off -z -m"lab3_problem5.map" -i"C:/ti/ccsv6/tools/compiler/c6000_7.4.14/lib" -i"C:/ti/ccsv6/tools/compiler/c6000_7.4.14/include" --reread_libs --warn_sections --display_error_number --diag_wrap=off --xml_link_info="lab3_problem5_linkInfo.xml" --rom_model -o "lab3_problem5.out" "./ISRs.obj" "./LCDK_Support_DSP.obj" "./StartUp.obj" "./assem.obj" "./autocorr.obj" "./flip.obj" "./libmfcc.obj" "./main.obj" "./vectors.obj" "../link6748.cmd"  -l"libc.a" 
<Linking>
'Finished building target: lab3_problem5.out'
' '

**** Build Finished ****

**** Build of configuration Debug for project lab3_problem5 ****

"C:\\ti\\ccsv6\\utils\\bin\\gmake" -k all 
gmake: Nothing to be done for `all'.

**** Build Finished ****

**** Build of configuration Debug for project lab3_problem5 ****

"C:\\ti\\ccsv6\\utils\\bin\\gmake" -k all 
'Building file: ../main.c'
'Invoking: C6000 Compiler'
"C:/ti/ccsv6/tools/compiler/c6000_7.4.14/bin/cl6x" -mv6740 --abi=coffabi -g --include_path="C:/ti/ccsv6/tools/compiler/c6000_7.4.14/include" --display_error_number --diag_warning=225 --diag_wrap=off --preproc_with_compile --preproc_dependency="main.pp"  "../main.c"
'Finished building: ../main.c'
' '
'Building target: lab3_problem5.out'
'Invoking: C6000 Linker'
"C:/ti/ccsv6/tools/compiler/c6000_7.4.14/bin/cl6x" -mv6740 --abi=coffabi -g --display_error_number --diag_warning=225 --diag_wrap=off -z -m"lab3_problem5.map" -i"C:/ti/ccsv6/tools/compiler/c6000_7.4.14/lib" -i"C:/ti/ccsv6/tools/compiler/c6000_7.4.14/include" --reread_libs --warn_sections --display_error_number --diag_wrap=off --xml_link_info="lab3_problem5_linkInfo.xml" --rom_model -o "lab3_problem5.out" "./ISRs.obj" "./LCDK_Support_DSP.obj" "./StartUp.obj" "./assem.obj" "./autocorr.obj" "./flip.obj" "./libmfcc.obj" "./main.obj" "./vectors.obj" "../link6748.cmd"  -l"libc.a" 
<Linking>
'Finished building target: lab3_problem5.out'
' '

**** Build Finished ****

**** Build of configuration Debug for project lab3_problem5 ****

"C:\\ti\\ccsv6\\utils\\bin\\gmake" -k all 
'Building file: ../main.c'
'Invoking: C6000 Compiler'
"C:/ti/ccsv6/tools/compiler/c6000_7.4.14/bin/cl6x" -mv6740 --abi=coffabi -g --include_path="C:/ti/ccsv6/tools/compiler/c6000_7.4.14/include" --display_error_number --diag_warning=225 --diag_wrap=off --preproc_with_compile --preproc_dependency="main.pp"  "../main.c"
'Finished building: ../main.c'
' '
'Building target: lab3_problem5.out'
'Invoking: C6000 Linker'
"C:/ti/ccsv6/tools/compiler/c6000_7.4.14/bin/cl6x" -mv6740 --abi=coffabi -g --display_error_number --diag_warning=225 --diag_wrap=off -z -m"lab3_problem5.map" -i"C:/ti/ccsv6/tools/compiler/c6000_7.4.14/lib" -i"C:/ti/ccsv6/tools/compiler/c6000_7.4.14/include" --reread_libs --warn_sections --display_error_number --diag_wrap=off --xml_link_info="lab3_problem5_linkInfo.xml" --rom_model -o "lab3_problem5.out" "./ISRs.obj" "./LCDK_Support_DSP.obj" "./StartUp.obj" "./assem.obj" "./autocorr.obj" "./flip.obj" "./libmfcc.obj" "./main.obj" "./vectors.obj" "../link6748.cmd"  -l"libc.a" 
<Linking>
'Finished building target: lab3_problem5.out'
' '

**** Build Finished ****

**** Build of configuration Debug for project lab3_problem5 ****

"C:\\ti\\ccsv6\\utils\\bin\\gmake" -k all 
'Building file: ../main.c'
'Invoking: C6000 Compiler'
"C:/ti/ccsv6/tools/compiler/c6000_7.4.14/bin/cl6x" -mv6740 --abi=coffabi -g --include_path="C:/ti/ccsv6/tools/compiler/c6000_7.4.14/include" --display_error_number --diag_warning=225 --diag_wrap=off --preproc_with_compile --preproc_dependency="main.pp"  "../main.c"
'Finished building: ../main.c'
' '
'Building target: lab3_problem5.out'
'Invoking: C6000 Linker'
"C:/ti/ccsv6/tools/compiler/c6000_7.4.14/bin/cl6x" -mv6740 --abi=coffabi -g --display_error_number --diag_warning=225 --diag_wrap=off -z -m"lab3_problem5.map" -i"C:/ti/ccsv6/tools/compiler/c6000_7.4.14/lib" -i"C:/ti/ccsv6/tools/compiler/c6000_7.4.14/include" --reread_libs --warn_sections --display_error_number --diag_wrap=off --xml_link_info="lab3_problem5_linkInfo.xml" --rom_model -o "lab3_problem5.out" "./ISRs.obj" "./LCDK_Support_DSP.obj" "./StartUp.obj" "./assem.obj" "./autocorr.obj" "./flip.obj" "./libmfcc.obj" "./main.obj" "./vectors.obj" "../link6748.cmd"  -l"libc.a" 
<Linking>
'Finished building target: lab3_problem5.out'
' '

**** Build Finished ****

**** Build of configuration Debug for project lab3_problem5 ****

"C:\\ti\\ccsv6\\utils\\bin\\gmake" -k all 
'Building file: ../main.c'
'Invoking: C6000 Compiler'
"C:/ti/ccsv6/tools/compiler/c6000_7.4.14/bin/cl6x" -mv6740 --abi=coffabi -g --include_path="C:/ti/ccsv6/tools/compiler/c6000_7.4.14/include" --display_error_number --diag_warning=225 --diag_wrap=off --preproc_with_compile --preproc_dependency="main.pp"  "../main.c"
'Finished building: ../main.c'
' '
'Building target: lab3_problem5.out'
'Invoking: C6000 Linker'
"C:/ti/ccsv6/tools/compiler/c6000_7.4.14/bin/cl6x" -mv6740 --abi=coffabi -g --display_error_number --diag_warning=225 --diag_wrap=off -z -m"lab3_problem5.map" -i"C:/ti/ccsv6/tools/compiler/c6000_7.4.14/lib" -i"C:/ti/ccsv6/tools/compiler/c6000_7.4.14/include" --reread_libs --warn_sections --display_error_number --diag_wrap=off --xml_link_info="lab3_problem5_linkInfo.xml" --rom_model -o "lab3_problem5.out" "./ISRs.obj" "./LCDK_Support_DSP.obj" "./StartUp.obj" "./assem.obj" "./autocorr.obj" "./flip.obj" "./libmfcc.obj" "./main.obj" "./vectors.obj" "../link6748.cmd"  -l"libc.a" 
<Linking>
'Finished building target: lab3_problem5.out'
' '

**** Build Finished ****

**** Build of configuration Debug for project lab3_problem5 ****

"C:\\ti\\ccsv6\\utils\\bin\\gmake" -k all 
'Building file: ../main.c'
'Invoking: C6000 Compiler'
"C:/ti/ccsv6/tools/compiler/c6000_7.4.14/bin/cl6x" -mv6740 --abi=coffabi -g --include_path="C:/ti/ccsv6/tools/compiler/c6000_7.4.14/include" --display_error_number --diag_warning=225 --diag_wrap=off --preproc_with_compile --preproc_dependency="main.pp"  "../main.c"
'Finished building: ../main.c'
' '
'Building target: lab3_problem5.out'
'Invoking: C6000 Linker'
"C:/ti/ccsv6/tools/compiler/c6000_7.4.14/bin/cl6x" -mv6740 --abi=coffabi -g --display_error_number --diag_warning=225 --diag_wrap=off -z -m"lab3_problem5.map" -i"C:/ti/ccsv6/tools/compiler/c6000_7.4.14/lib" -i"C:/ti/ccsv6/tools/compiler/c6000_7.4.14/include" --reread_libs --warn_sections --display_error_number --diag_wrap=off --xml_link_info="lab3_problem5_linkInfo.xml" --rom_model -o "lab3_problem5.out" "./ISRs.obj" "./LCDK_Support_DSP.obj" "./StartUp.obj" "./assem.obj" "./autocorr.obj" "./flip.obj" "./libmfcc.obj" "./main.obj" "./vectors.obj" "../link6748.cmd"  -l"libc.a" 
<Linking>
'Finished building target: lab3_problem5.out'
' '

**** Build Finished ****

**** Build of configuration Debug for project lab3_problem5 ****

"C:\\ti\\ccsv6\\utils\\bin\\gmake" -k all 
'Building file: ../main.c'
'Invoking: C6000 Compiler'
"C:/ti/ccsv6/tools/compiler/c6000_7.4.14/bin/cl6x" -mv6740 --abi=coffabi -g --include_path="C:/ti/ccsv6/tools/compiler/c6000_7.4.14/include" --display_error_number --diag_warning=225 --diag_wrap=off --preproc_with_compile --preproc_dependency="main.pp"  "../main.c"
"../main.c", line 181: error #29: expected an expression
"../main.c", line 187: error #32: expression must have arithmetic type
"../main.c", line 191: error #138: expression must be a modifiable lvalue

3 errors detected in the compilation of "../main.c".
>> Compilation failure
gmake: *** [main.obj] Error 1
gmake: Target `all' not remade because of errors.

**** Build Finished ****

**** Build of configuration Debug for project lab3_problem5 ****

"C:\\ti\\ccsv6\\utils\\bin\\gmake" -k all 
'Building file: ../main.c'
'Invoking: C6000 Compiler'
"C:/ti/ccsv6/tools/compiler/c6000_7.4.14/bin/cl6x" -mv6740 --abi=coffabi -g --include_path="C:/ti/ccsv6/tools/compiler/c6000_7.4.14/include" --display_error_number --diag_warning=225 --diag_wrap=off --preproc_with_compile --preproc_dependency="main.pp"  "../main.c"
"../main.c", line 191: error #138: expression must be a modifiable lvalue
1 error detected in the compilation of "../main.c".

>> Compilation failure
gmake: *** [main.obj] Error 1
gmake: Target `all' not remade because of errors.

**** Build Finished ****

**** Build of configuration Debug for project lab3_problem5 ****

"C:\\ti\\ccsv6\\utils\\bin\\gmake" -k all 
'Building file: ../main.c'
'Invoking: C6000 Compiler'
"C:/ti/ccsv6/tools/compiler/c6000_7.4.14/bin/cl6x" -mv6740 --abi=coffabi -g --include_path="C:/ti/ccsv6/tools/compiler/c6000_7.4.14/include" --display_error_number --diag_warning=225 --diag_wrap=off --preproc_with_compile --preproc_dependency="main.pp"  "../main.c"
'Finished building: ../main.c'
' '
'Building target: lab3_problem5.out'
'Invoking: C6000 Linker'
"C:/ti/ccsv6/tools/compiler/c6000_7.4.14/bin/cl6x" -mv6740 --abi=coffabi -g --display_error_number --diag_warning=225 --diag_wrap=off -z -m"lab3_problem5.map" -i"C:/ti/ccsv6/tools/compiler/c6000_7.4.14/lib" -i"C:/ti/ccsv6/tools/compiler/c6000_7.4.14/include" --reread_libs --warn_sections --display_error_number --diag_wrap=off --xml_link_info="lab3_problem5_linkInfo.xml" --rom_model -o "lab3_problem5.out" "./ISRs.obj" "./LCDK_Support_DSP.obj" "./StartUp.obj" "./assem.obj" "./autocorr.obj" "./flip.obj" "./libmfcc.obj" "./main.obj" "./vectors.obj" "../link6748.cmd"  -l"libc.a" 
<Linking>
'Finished building target: lab3_problem5.out'
' '

**** Build Finished ****

**** Build of configuration Debug for project lab3_problem5 ****

"C:\\ti\\ccsv6\\utils\\bin\\gmake" -k all 
'Building file: ../main.c'
'Invoking: C6000 Compiler'
"C:/ti/ccsv6/tools/compiler/c6000_7.4.14/bin/cl6x" -mv6740 --abi=coffabi -g --include_path="C:/ti/ccsv6/tools/compiler/c6000_7.4.14/include" --display_error_number --diag_warning=225 --diag_wrap=off --preproc_with_compile --preproc_dependency="main.pp"  "../main.c"
'Finished building: ../main.c'
' '
'Building target: lab3_problem5.out'
'Invoking: C6000 Linker'
"C:/ti/ccsv6/tools/compiler/c6000_7.4.14/bin/cl6x" -mv6740 --abi=coffabi -g --display_error_number --diag_warning=225 --diag_wrap=off -z -m"lab3_problem5.map" -i"C:/ti/ccsv6/tools/compiler/c6000_7.4.14/lib" -i"C:/ti/ccsv6/tools/compiler/c6000_7.4.14/include" --reread_libs --warn_sections --display_error_number --diag_wrap=off --xml_link_info="lab3_problem5_linkInfo.xml" --rom_model -o "lab3_problem5.out" "./ISRs.obj" "./LCDK_Support_DSP.obj" "./StartUp.obj" "./assem.obj" "./autocorr.obj" "./flip.obj" "./libmfcc.obj" "./main.obj" "./vectors.obj" "../link6748.cmd"  -l"libc.a" 
<Linking>
'Finished building target: lab3_problem5.out'
' '

**** Build Finished ****

**** Build of configuration Debug for project lab3_problem5 ****

"C:\\ti\\ccsv6\\utils\\bin\\gmake" -k all 
'Building file: ../main.c'
'Invoking: C6000 Compiler'
"C:/ti/ccsv6/tools/compiler/c6000_7.4.14/bin/cl6x" -mv6740 --abi=coffabi -g --include_path="C:/ti/ccsv6/tools/compiler/c6000_7.4.14/include" --display_error_number --diag_warning=225 --diag_wrap=off --preproc_with_compile --preproc_dependency="main.pp"  "../main.c"
'Finished building: ../main.c'
' '
'Building target: lab3_problem5.out'
'Invoking: C6000 Linker'
"C:/ti/ccsv6/tools/compiler/c6000_7.4.14/bin/cl6x" -mv6740 --abi=coffabi -g --display_error_number --diag_warning=225 --diag_wrap=off -z -m"lab3_problem5.map" -i"C:/ti/ccsv6/tools/compiler/c6000_7.4.14/lib" -i"C:/ti/ccsv6/tools/compiler/c6000_7.4.14/include" --reread_libs --warn_sections --display_error_number --diag_wrap=off --xml_link_info="lab3_problem5_linkInfo.xml" --rom_model -o "lab3_problem5.out" "./ISRs.obj" "./LCDK_Support_DSP.obj" "./StartUp.obj" "./assem.obj" "./autocorr.obj" "./flip.obj" "./libmfcc.obj" "./main.obj" "./vectors.obj" "../link6748.cmd"  -l"libc.a" 
<Linking>
'Finished building target: lab3_problem5.out'
' '

**** Build Finished ****
